app/build/intermediates/manifest_merge_blame_file/debug/manifest-merger-blame-debug-report.txt
1<?xml version="1.0" encoding="utf-8"?>
2<manifest xmlns:android="http://schemas.android.com/apk/res/android"
3    package="com.example.ehealth"
4    android:versionCode="1"
5    android:versionName="1.0" >
6
7    <uses-sdk
8        android:minSdkVersion="21"
8-->src/main/AndroidManifest.xml
9        android:targetSdkVersion="32" />
9-->src/main/AndroidManifest.xml
10
11    <uses-permission android:name="android.permission.INTERNET" />
11-->src/main/AndroidManifest.xml:5:5-67
11-->src/main/AndroidManifest.xml:5:22-64
12
13    <!-- Although the *SdkVersion is captured in gradle build files, this is required for non gradle builds -->
14    <!-- <uses-sdk android:minSdkVersion="14"/> -->
15    <uses-permission android:name="android.permission.ACCESS_NETWORK_STATE" />
15-->[com.google.firebase:firebase-database:20.0.4] AndroidManifest.xml:25:5-79
15-->[com.google.firebase:firebase-database:20.0.4] AndroidManifest.xml:25:22-76
16
17    <application
17-->src/main/AndroidManifest.xml:7:5-102:19
18        android:allowBackup="true"
18-->src/main/AndroidManifest.xml:8:9-35
19        android:appComponentFactory="androidx.core.app.CoreComponentFactory"
19-->[androidx.core:core:1.7.0] AndroidManifest.xml:24:18-86
20        android:dataExtractionRules="@xml/data_extraction_rules"
20-->src/main/AndroidManifest.xml:9:9-65
21        android:debuggable="true"
22        android:fullBackupContent="@xml/backup_rules"
22-->src/main/AndroidManifest.xml:10:9-54
23        android:hardwareAccelerated="true"
23-->src/main/AndroidManifest.xml:11:9-43
24        android:icon="@drawable/logo"
24-->src/main/AndroidManifest.xml:12:9-38
25        android:label="@string/app_name"
25-->src/main/AndroidManifest.xml:13:9-41
26        android:roundIcon="@mipmap/ic_launcher_round"
26-->src/main/AndroidManifest.xml:14:9-54
27        android:supportsRtl="true"
27-->src/main/AndroidManifest.xml:15:9-35
28        android:testOnly="true"
29        android:theme="@style/Theme.EHealth" >
29-->src/main/AndroidManifest.xml:16:9-45
30        <activity
30-->src/main/AndroidManifest.xml:19:9-24:20
31            android:name="com.example.ehealth.Diet"
31-->src/main/AndroidManifest.xml:19:19-39
32            android:exported="false" >
32-->src/main/AndroidManifest.xml:20:13-37
33            <meta-data
33-->src/main/AndroidManifest.xml:21:13-23:36
34                android:name="android.app.lib_name"
34-->src/main/AndroidManifest.xml:22:17-52
35                android:value="" />
35-->src/main/AndroidManifest.xml:23:17-33
36        </activity>
37        <activity
37-->src/main/AndroidManifest.xml:26:9-32:20
38            android:name="com.example.ehealth.DietHome"
38-->src/main/AndroidManifest.xml:27:13-37
39            android:exported="false" >
39-->src/main/AndroidManifest.xml:28:13-37
40            <meta-data
40-->src/main/AndroidManifest.xml:21:13-23:36
41                android:name="android.app.lib_name"
41-->src/main/AndroidManifest.xml:22:17-52
42                android:value="" />
42-->src/main/AndroidManifest.xml:23:17-33
43        </activity>
44        <activity
44-->src/main/AndroidManifest.xml:33:9-39:20
45            android:name="com.example.ehealth.Login"
45-->src/main/AndroidManifest.xml:34:13-34
46            android:exported="false" >
46-->src/main/AndroidManifest.xml:35:13-37
47            <meta-data
47-->src/main/AndroidManifest.xml:21:13-23:36
48                android:name="android.app.lib_name"
48-->src/main/AndroidManifest.xml:22:17-52
49                android:value="" />
49-->src/main/AndroidManifest.xml:23:17-33
50        </activity>
51        <activity
51-->src/main/AndroidManifest.xml:40:9-46:20
52            android:name="com.example.ehealth.CheckBmi"
52-->src/main/AndroidManifest.xml:41:13-37
53            android:exported="false" >
53-->src/main/AndroidManifest.xml:42:13-37
54            <meta-data
54-->src/main/AndroidManifest.xml:21:13-23:36
55                android:name="android.app.lib_name"
55-->src/main/AndroidManifest.xml:22:17-52
56                android:value="" />
56-->src/main/AndroidManifest.xml:23:17-33
57        </activity>
58        <activity
58-->src/main/AndroidManifest.xml:47:9-53:20
59            android:name="com.example.ehealth.WorkoutPlan"
59-->src/main/AndroidManifest.xml:48:13-40
60            android:exported="false" >
60-->src/main/AndroidManifest.xml:49:13-37
61            <meta-data
61-->src/main/AndroidManifest.xml:21:13-23:36
62                android:name="android.app.lib_name"
62-->src/main/AndroidManifest.xml:22:17-52
63                android:value="" />
63-->src/main/AndroidManifest.xml:23:17-33
64        </activity>
65        <activity
65-->src/main/AndroidManifest.xml:54:9-60:20
66            android:name="com.example.ehealth.Results"
66-->src/main/AndroidManifest.xml:55:13-36
67            android:exported="false" >
67-->src/main/AndroidManifest.xml:56:13-37
68            <meta-data
68-->src/main/AndroidManifest.xml:21:13-23:36
69                android:name="android.app.lib_name"
69-->src/main/AndroidManifest.xml:22:17-52
70                android:value="" />
70-->src/main/AndroidManifest.xml:23:17-33
71        </activity>
72        <activity
72-->src/main/AndroidManifest.xml:61:9-67:20
73            android:name="com.example.ehealth.Workout"
73-->src/main/AndroidManifest.xml:62:13-36
74            android:exported="false" >
74-->src/main/AndroidManifest.xml:63:13-37
75            <meta-data
75-->src/main/AndroidManifest.xml:21:13-23:36
76                android:name="android.app.lib_name"
76-->src/main/AndroidManifest.xml:22:17-52
77                android:value="" />
77-->src/main/AndroidManifest.xml:23:17-33
78        </activity>
79        <activity
79-->src/main/AndroidManifest.xml:68:9-74:20
80            android:name="com.example.ehealth.Fast"
80-->src/main/AndroidManifest.xml:69:13-33
81            android:exported="false" >
81-->src/main/AndroidManifest.xml:70:13-37
82            <meta-data
82-->src/main/AndroidManifest.xml:21:13-23:36
83                android:name="android.app.lib_name"
83-->src/main/AndroidManifest.xml:22:17-52
84                android:value="" />
84-->src/main/AndroidManifest.xml:23:17-33
85        </activity>
86        <activity
86-->src/main/AndroidManifest.xml:75:9-81:20
87            android:name="com.example.ehealth.Home"
87-->src/main/AndroidManifest.xml:76:13-33
88            android:exported="false" >
88-->src/main/AndroidManifest.xml:77:13-37
89            <meta-data
89-->src/main/AndroidManifest.xml:21:13-23:36
90                android:name="android.app.lib_name"
90-->src/main/AndroidManifest.xml:22:17-52
91                android:value="" />
91-->src/main/AndroidManifest.xml:23:17-33
92        </activity>
93        <activity
93-->src/main/AndroidManifest.xml:82:9-88:20
94            android:name="com.example.ehealth.Signup"
94-->src/main/AndroidManifest.xml:83:13-35
95            android:exported="false" >
95-->src/main/AndroidManifest.xml:84:13-37
96            <meta-data
96-->src/main/AndroidManifest.xml:21:13-23:36
97                android:name="android.app.lib_name"
97-->src/main/AndroidManifest.xml:22:17-52
98                android:value="" />
98-->src/main/AndroidManifest.xml:23:17-33
99        </activity>
100        <activity
100-->src/main/AndroidManifest.xml:89:9-101:20
101            android:name="com.example.ehealth.Splash"
101-->src/main/AndroidManifest.xml:90:13-35
102            android:exported="true" >
102-->src/main/AndroidManifest.xml:91:13-36
103            <intent-filter>
103-->src/main/AndroidManifest.xml:92:13-96:29
104                <action android:name="android.intent.action.MAIN" />
104-->src/main/AndroidManifest.xml:93:17-69
104-->src/main/AndroidManifest.xml:93:25-66
105
106                <category android:name="android.intent.category.LAUNCHER" />
106-->src/main/AndroidManifest.xml:95:17-77
106-->src/main/AndroidManifest.xml:95:27-74
107            </intent-filter>
108
109            <meta-data
109-->src/main/AndroidManifest.xml:21:13-23:36
110                android:name="android.app.lib_name"
110-->src/main/AndroidManifest.xml:22:17-52
111                android:value="" />
111-->src/main/AndroidManifest.xml:23:17-33
112        </activity>
113
114        <service
114-->[com.google.firebase:firebase-database:20.0.4] AndroidManifest.xml:29:9-35:19
115            android:name="com.google.firebase.components.ComponentDiscoveryService"
115-->[com.google.firebase:firebase-database:20.0.4] AndroidManifest.xml:30:13-84
116            android:directBootAware="true"
116-->[com.google.firebase:firebase-common:20.2.0] AndroidManifest.xml:34:13-43
117            android:exported="false" >
117-->[com.google.firebase:firebase-database:20.0.4] AndroidManifest.xml:31:13-37
118            <meta-data
118-->[com.google.firebase:firebase-database:20.0.4] AndroidManifest.xml:32:13-34:85
119                android:name="com.google.firebase.components:com.google.firebase.database.DatabaseRegistrar"
119-->[com.google.firebase:firebase-database:20.0.4] AndroidManifest.xml:33:17-109
120                android:value="com.google.firebase.components.ComponentRegistrar" />
120-->[com.google.firebase:firebase-database:20.0.4] AndroidManifest.xml:34:17-82
121            <meta-data
121-->[com.google.firebase:firebase-storage:20.1.0] AndroidManifest.xml:32:13-34:85
122                android:name="com.google.firebase.components:com.google.firebase.storage.StorageRegistrar"
122-->[com.google.firebase:firebase-storage:20.1.0] AndroidManifest.xml:33:17-107
123                android:value="com.google.firebase.components.ComponentRegistrar" />
123-->[com.google.firebase:firebase-storage:20.1.0] AndroidManifest.xml:34:17-82
124        </service>
125
126        <provider
126-->[com.squareup.picasso:picasso:2.71828] AndroidManifest.xml:8:9-11:40
127            android:name="com.squareup.picasso.PicassoProvider"
127-->[com.squareup.picasso:picasso:2.71828] AndroidManifest.xml:9:13-64
128            android:authorities="com.example.ehealth.com.squareup.picasso"
128-->[com.squareup.picasso:picasso:2.71828] AndroidManifest.xml:10:13-72
129            android:exported="false" />
129-->[com.squareup.picasso:picasso:2.71828] AndroidManifest.xml:11:13-37
130
131        <activity
131-->[com.google.android.gms:play-services-base:18.0.1] AndroidManifest.xml:20:9-22:45
132            android:name="com.google.android.gms.common.api.GoogleApiActivity"
132-->[com.google.android.gms:play-services-base:18.0.1] AndroidManifest.xml:20:19-85
133            android:exported="false"
133-->[com.google.android.gms:play-services-base:18.0.1] AndroidManifest.xml:22:19-43
134            android:theme="@android:style/Theme.Translucent.NoTitleBar" />
134-->[com.google.android.gms:play-services-base:18.0.1] AndroidManifest.xml:21:19-78
135
136        <provider
136-->[com.google.firebase:firebase-common:20.2.0] AndroidManifest.xml:25:9-30:39
137            android:name="com.google.firebase.provider.FirebaseInitProvider"
137-->[com.google.firebase:firebase-common:20.2.0] AndroidManifest.xml:26:13-77
138            android:authorities="com.example.ehealth.firebaseinitprovider"
138-->[com.google.firebase:firebase-common:20.2.0] AndroidManifest.xml:27:13-72
139            android:directBootAware="true"
139-->[com.google.firebase:firebase-common:20.2.0] AndroidManifest.xml:28:13-43
140            android:exported="false"
140-->[com.google.firebase:firebase-common:20.2.0] AndroidManifest.xml:29:13-37
141            android:initOrder="100" />
141-->[com.google.firebase:firebase-common:20.2.0] AndroidManifest.xml:30:13-36
142
143        <meta-data
143-->[com.google.android.gms:play-services-basement:18.1.0] AndroidManifest.xml:21:9-23:69
144            android:name="com.google.android.gms.version"
144-->[com.google.android.gms:play-services-basement:18.1.0] AndroidManifest.xml:22:13-58
145            android:value="@integer/google_play_services_version" />
145-->[com.google.android.gms:play-services-basement:18.1.0] AndroidManifest.xml:23:13-66
146
147        <provider
147-->[androidx.emoji2:emoji2:1.0.0] AndroidManifest.xml:26:9-34:20
148            android:name="androidx.startup.InitializationProvider"
148-->[androidx.emoji2:emoji2:1.0.0] AndroidManifest.xml:27:13-67
149            android:authorities="com.example.ehealth.androidx-startup"
149-->[androidx.emoji2:emoji2:1.0.0] AndroidManifest.xml:28:13-68
150            android:exported="false" >
150-->[androidx.emoji2:emoji2:1.0.0] AndroidManifest.xml:29:13-37
151            <meta-data
151-->[androidx.emoji2:emoji2:1.0.0] AndroidManifest.xml:31:13-33:52
152                android:name="androidx.emoji2.text.EmojiCompatInitializer"
152-->[androidx.emoji2:emoji2:1.0.0] AndroidManifest.xml:32:17-75
153                android:value="androidx.startup" />
153-->[androidx.emoji2:emoji2:1.0.0] AndroidManifest.xml:33:17-49
154            <meta-data
154-->[androidx.lifecycle:lifecycle-process:2.4.0] AndroidManifest.xml:31:13-33:52
155                android:name="androidx.lifecycle.ProcessLifecycleInitializer"
155-->[androidx.lifecycle:lifecycle-process:2.4.0] AndroidManifest.xml:32:17-78
156                android:value="androidx.startup" />
156-->[androidx.lifecycle:lifecycle-process:2.4.0] AndroidManifest.xml:33:17-49
157        </provider>
158    </application>
159
160</manifest>